c:\users\юзер\documents\visual studio 2013\projects\op_cv\op_cv\x64\debug\vc120.pdb
c:\users\юзер\documents\visual studio 2013\projects\op_cv\op_cv\x64\debug\vc120.idb
c:\users\юзер\documents\visual studio 2013\projects\op_cv\op_cv\x64\debug\test.obj
c:\users\юзер\documents\visual studio 2013\projects\op_cv\op_cv\x64\debug\possiblechar.obj
c:\users\юзер\documents\visual studio 2013\projects\op_cv\op_cv\x64\debug\possibleplate.obj
c:\users\юзер\documents\visual studio 2013\projects\op_cv\op_cv\x64\debug\preprocess.obj
c:\users\юзер\documents\visual studio 2013\projects\op_cv\op_cv\x64\debug\detectchars.obj
c:\users\юзер\documents\visual studio 2013\projects\op_cv\op_cv\x64\debug\detectplates.obj
c:\users\юзер\documents\visual studio 2013\projects\op_cv\op_cv\x64\debug\main.obj
c:\users\юзер\documents\visual studio 2013\projects\op_cv\x64\debug\op_cv.ilk
c:\users\юзер\documents\visual studio 2013\projects\op_cv\x64\debug\op_cv.exe
c:\users\юзер\documents\visual studio 2013\projects\op_cv\x64\debug\op_cv.pdb
c:\users\юзер\documents\visual studio 2013\projects\op_cv\op_cv\x64\debug\op_cv.res
c:\users\юзер\documents\visual studio 2013\projects\op_cv\op_cv\x64\debug\op_cv.tlog\cl.command.1.tlog
c:\users\юзер\documents\visual studio 2013\projects\op_cv\op_cv\x64\debug\op_cv.tlog\cl.read.1.tlog
c:\users\юзер\documents\visual studio 2013\projects\op_cv\op_cv\x64\debug\op_cv.tlog\cl.write.1.tlog
c:\users\юзер\documents\visual studio 2013\projects\op_cv\op_cv\x64\debug\op_cv.tlog\link-cvtres.read.1.tlog
c:\users\юзер\documents\visual studio 2013\projects\op_cv\op_cv\x64\debug\op_cv.tlog\link-cvtres.write.1.tlog
c:\users\юзер\documents\visual studio 2013\projects\op_cv\op_cv\x64\debug\op_cv.tlog\link-rc.read.1.tlog
c:\users\юзер\documents\visual studio 2013\projects\op_cv\op_cv\x64\debug\op_cv.tlog\link-rc.write.1.tlog
c:\users\юзер\documents\visual studio 2013\projects\op_cv\op_cv\x64\debug\op_cv.tlog\link.command.1.tlog
c:\users\юзер\documents\visual studio 2013\projects\op_cv\op_cv\x64\debug\op_cv.tlog\link.read.1.tlog
c:\users\юзер\documents\visual studio 2013\projects\op_cv\op_cv\x64\debug\op_cv.tlog\link.write.1.tlog
c:\users\юзер\documents\visual studio 2013\projects\op_cv\op_cv\x64\debug\op_cv.tlog\rc.command.1.tlog
c:\users\юзер\documents\visual studio 2013\projects\op_cv\op_cv\x64\debug\op_cv.tlog\rc.read.1.tlog
c:\users\юзер\documents\visual studio 2013\projects\op_cv\op_cv\x64\debug\op_cv.tlog\rc.write.1.tlog
